<?xml version="1.0" encoding="UTF-8"?>
<!-- Generated by org.testng.reporters.JUnitReportReporter -->
<testsuite hostname="LAPTOP-DGP7347M" failures="0" tests="4" name="demo1.day_7_2" time="0.020" errors="0" timestamp="2023-05-03T06:31:54 IST" skipped="0">
  <testcase classname="demo1.day_7_2" name="testAdd" time="0.016"/>
  <system-out/>
  <testcase classname="demo1.day_7_2" name="testSubtract" time="0.001"/>
  <system-out/>
  <testcase classname="demo1.day_7_2" name="testMultiply" time="0.001"/>
  <system-out/>
  <testcase classname="demo1.day_7_2" name="testDivide" time="0.002"/>
  <system-out/>
</testsuite> <!-- demo1.day_7_2 -->
