<?xml version="1.0" encoding="UTF-8"?>
<!-- Generated by org.testng.reporters.JUnitReportReporter -->
<testsuite hostname="LAPTOP-DGP7347M" failures="0" tests="2" name="demo1.day_9_1" time="0.012" errors="0" timestamp="2023-05-03T06:36:11 IST" skipped="0">
  <testcase classname="demo1.day_9_1" name="Calcuator" time="0.002"/>
  <system-out/>
  <testcase classname="demo1.day_9_1" name="Calcuator" time="0.010"/>
  <system-out/>
</testsuite> <!-- demo1.day_9_1 -->
