<?xml version="1.0" encoding="UTF-8"?>
<!-- Generated by org.testng.reporters.JUnitReportReporter -->
<testsuite hostname="LAPTOP-DGP7347M" failures="0" tests="1" name="demo1.day_9_4" time="16.604" errors="0" timestamp="2023-05-03T06:38:50 IST" skipped="0">
  <testcase classname="demo1.day_9_4" name="f" time="16.604"/>
  <system-out/>
</testsuite> <!-- demo1.day_9_4 -->
