<?xml version="1.0" encoding="UTF-8"?>
<!-- Generated by org.testng.reporters.JUnitReportReporter -->
<testsuite hostname="LAPTOP-DGP7347M" failures="0" tests="3" name="demo1.day_7_5" time="24.036" errors="0" timestamp="2023-05-03T06:34:39 IST" skipped="0">
  <testcase classname="demo1.day_7_5" name="test3" time="10.525"/>
  <system-out/>
  <testcase classname="demo1.day_7_5" name="test1" time="5.427"/>
  <system-out/>
  <testcase classname="demo1.day_7_5" name="test2" time="8.084"/>
  <system-out/>
</testsuite> <!-- demo1.day_7_5 -->
