<?xml version="1.0" encoding="UTF-8"?>
<!-- Generated by org.testng.reporters.JUnitReportReporter -->
<testsuite hostname="LAPTOP-DGP7347M" failures="0" tests="1" name="demo1.day_7_1" time="0.035" errors="0" timestamp="2023-05-03T06:31:26 IST" skipped="0">
  <testcase classname="demo1.day_7_1" name="f" time="0.035"/>
  <system-out/>
</testsuite> <!-- demo1.day_7_1 -->
