<?xml version="1.0" encoding="UTF-8"?>
<!-- Generated by org.testng.reporters.JUnitReportReporter -->
<testsuite hostname="LAPTOP-DGP7347M" failures="0" tests="2" name="demo1.day_7_4" time="19.801" errors="0" timestamp="2023-05-03T06:33:19 IST" skipped="0">
  <testcase classname="demo1.day_7_4" name="f" time="15.684"/>
  <system-out/>
  <testcase classname="demo1.day_7_4" name="f1" time="4.117"/>
  <system-out/>
</testsuite> <!-- demo1.day_7_4 -->
