<?xml version="1.0" encoding="UTF-8"?>
<!-- Generated by org.testng.reporters.JUnitReportReporter -->
<testsuite hostname="LAPTOP-DGP7347M" failures="0" tests="1" name="demo1.day_9_5" time="35.157" errors="0" timestamp="2023-05-02T14:12:46 IST" skipped="0">
  <testcase classname="demo1.day_9_5" name="f" time="35.157"/>
  <system-out/>
</testsuite> <!-- demo1.day_9_5 -->
